from numpy import array

import cPickle as pickle


from mpmath import mpf 

parser = None

scaler = 'GeneralizedLinearScaler'

thermodynamics = 'ThermoCorrections'

solver = 'SteadyStateSolver'

mapper = 'MinResidMapper'

binary_data = pickle.load(open("ORR.pkl"))

locals().update(binary_data)

adsorbate_coefficient_matrix = array([[  4.09000000e-03,   0.00000000e+00,   3.32693000e+00],
       [  9.20000000e-04,   8.29500000e-02,  -2.75800000e-01],
       [  1.20009000e+00,   0.00000000e+00,   4.08993000e+00],
       [  1.00000000e+00,   0.00000000e+00,   0.00000000e+00],
       [  1.00009000e+00,   0.00000000e+00,   3.15993000e+00],
       [  2.00005000e+00,   0.00000000e+00,   1.99960000e-01],
       [  1.00009000e+00,   0.00000000e+00,   3.49930000e-01],
       [  2.00009000e+00,   0.00000000e+00,   8.29930000e-01]])

adsorbate_interaction_model = 'ideal'

adsorbate_interactions = None

adsorbate_names = ('H2O2_a', 'H_a', 'O2_a', 'OH_a', 'OOH_a', 'O_a', 'OH_b', 'O_b')

adsorbate_thermo_mode = 'frozen_adsorbate'

analytical_jacobian = True

atomic_reservoir_list = [{'H': 'H2O2_g', 'O': 'H2O_g'}, {'H': 'H2O2_g', 'O': 'O2_g'}, {'H': 'H2O_g', 'O': 'O2_g'}, {'H': 'H2_g', 'O': 'H2O2_g'}, {'H': 'H2_g', 'O': 'H2O_g'}, {'H': 'H2_g', 'O': 'O2_g'}, {'H': 'pe_g', 'O': 'H2O2_g'}, {'H': 'pe_g', 'O': 'H2O_g'}, {'H': 'pe_g', 'O': 'O2_g'}]

atoms_dict = {}

avoid_scaling = False

beta = 0.5

coefficient_matrix = array([[  4.09000000e-03,   0.00000000e+00,   3.32693000e+00],
       [  9.20000000e-04,   8.29500000e-02,  -2.75800000e-01],
       [  1.20009000e+00,   0.00000000e+00,   4.08993000e+00],
       [  1.00000000e+00,   0.00000000e+00,   0.00000000e+00],
       [  1.00009000e+00,   0.00000000e+00,   3.15993000e+00],
       [  2.00005000e+00,   0.00000000e+00,   1.99960000e-01],
       [  1.00009000e+00,   0.00000000e+00,   3.49930000e-01],
       [  2.00009000e+00,   0.00000000e+00,   8.29930000e-01],
       [ -6.07089650e-17,   0.00000000e+00,   3.94400000e+00],
       [  3.13205593e+00,   0.00000000e+00,   3.12095526e+00],
       [  4.00000000e-03,   0.00000000e+00,   4.25700000e+00],
       [  1.84857727e+00,   0.00000000e+00,   3.69926061e-01],
       [  2.83657636e-01,   0.00000000e+00,   5.45598345e+00],
       [  3.83240000e-01,   0.00000000e+00,   3.50257000e+00],
       [  1.78000000e+00,   0.00000000e+00,   2.94500000e+00],
       [  2.78787879e-01,   0.00000000e+00,   7.30000000e-01],
       [  1.20000000e+00,   0.00000000e+00,   4.12000000e+00],
       [  9.99960000e-01,   0.00000000e+00,   3.19003000e+00],
       [  2.00000000e+00,   0.00000000e+00,   8.60000000e-01],
       [  1.00009000e+00,   0.00000000e+00,   3.79930000e-01]])

coefficient_maxs = [[1e+99, 0.0, 1e+99], [1e+99, 1e+99, 1e+99], [1e+99, 0.0, 1e+99], [1e+99, 0.0, 1e+99], [1e+99, 0.0, 1e+99], [1e+99, 0.0, 1e+99], [1e+99, 0.0, 1e+99], [1e+99, 0.0, 1e+99]]

coefficient_mins = [[-1e+99, 0.0, -1e+99], [0, 0, -1e+99], [-1e+99, 0.0, -1e+99], [-1e+99, 0.0, -1e+99], [-1e+99, 0.0, -1e+99], [-1e+99, 0.0, -1e+99], [-1e+99, 0.0, -1e+99], [-1e+99, 0.0, -1e+99]]

data_file = 'ORR.pkl'

decimal_precision = 200

default_constraints = ['+', '+', None]

default_interaction_constraints = None

descriptor_decimal_precision = 2

descriptor_dict = {'a': [0.6, -0.30015], 'c': [0.7, -0.30005], 'b': [0.65, -0.3001], 'e': [0.8, -0.29995], 'g': [0.9, -0.29985], 'Pt': [0.75, -0.3], 'f': [0.85, -0.2999], 'i': [1.0, -0.29975], 'h': [0.95, -0.2998], 'j': [1.05, -0.2997]}

descriptor_names = ('OH_a', 'H_a')

descriptor_ranges = [[0.5, 1.2], [-0.5, 0.5]]

electrochemical_thermo_mode = 'simple_electrochemical'

elementary_rxns = ([['a', 'O2_g'], ['O2-_a'], ['O2_a']], [['O2_a', 'pe_g'], ['OO-pe_a'], ['OOH_a']], [['OOH_a', 'pe_g'], ['OOH-pe_a'], ['O_a', 'H2O_g']], [['O_a', 'pe_g'], ['O-pe_a'], ['OH_a']], [['OH_a', 'pe_g'], ['OH-pe_a'], ['a', 'H2O_g']], [['O2_a', 'b'], ['O-O_a', 'b'], ['O_a', 'O_b']], [['O_b', 'pe_g'], ['O-pe_b'], ['OH_b']], [['OH_b', 'pe_g'], ['OH-pe_b'], ['b', 'H2O_g']], [['OOH_a', 'b'], ['OH-O_a', 'b'], ['OH_a', 'O_b']], [['OOH_a', 'pe_g'], ['O-peOH_a'], ['H2O2_a']], [['H2O2_a', 'b'], ['OH-OH_a', 'b'], ['OH_a', 'OH_b']], [['H2O2_a'], ['HOOH-_a'], ['H2O2_g', 'a']], [['pe_g', 'a'], ['H_a']], [['H_a', 'H_a'], ['H2_g', 'a', 'a']])

estimate_frequencies = True

extrapolate_coverages = False

fixed_entropy_dict = {'H2_g': 0.00135, 'other': 0.002}

force_recalculation = False

frequency_dict = {'H2_g': [], 'H2O_g': [], 'O-peOH_a': [], 'HOOH-_a': [], 'H2O2_a': [], 'OH-OH_a': [], 'H2O2_g': [], 'OOH_a': [], 'O2_a': [], 'O2_g': [], 'O-O_a': [], 'O_a': [], 'H_a': [], 'OH-pe_a': [], 'OH-pe_b': [], '*_a': [], '*_b': [], '*_g': [], 'O2-_a': [], 'OOH-pe_a': [], 'O_b': [], 'pe_g': [], 'a': [], 'b': [], 'O-pe_b': [], 'g': [], 'O-pe_a': [], 'OH-O_a': [], 'OO-pe_a': [], 'OH_a': [], 'OH_b': []}

frequency_surface_names = []

frequency_unit_conversion = 0.0001239842

gas_names = ('H2O2_g', 'H2O_g', 'H2_g', 'O2_g', 'pe_g')

gas_pressures = [1e-12, 0.035, 0.0, 1.0, 1.0]

gas_thermo_mode = 'frozen_gas'

hbond_dict = {'CH_s': 0.0, 'CHOH_s': -0.25, 'H_s': 0.0, 'O_s': 0.0, 'CHO_s': -0.1, 'OCHCHO_s': 0.0, 'OH_s': -0.5, 'CH2OH_s': -0.25, 'CH2_s': 0.0, 'COHOH_s': -0.25, 'CO_s': -0.1, 'C_s': 0.0, 'COOH_s': -0.25, 'CH2O_s': 0.0, 'OCH3_s': 0.0, 'OCH2O_s': 0.0, 'OCHO_s': 0.0, 'CH3_s': 0.0, 'OCHCH2_s': 0.0, 'COH_s': -0.25}

ideal_gas_params = {'H2_g': [2, 'linear', 0], 'CH3OH_g': [1, 'nonlinear', 0], 'NH3_g': [3, 'nonlinear', 0], 'pe_g': [2, 'linear', 0], 'CO_g': [1, 'linear', 0], 'O2_g': [2, 'linear', 3], 'H2O_g': [2, 'nonlinear', 0], 'C2H4_g': [2, 'linear', 0], 'CH3CH2OH_g': [3653, 2984, 2939, 2900, 1490, 1464, 1412, 1371, 1256, 1091, 1028, 888, 417, 2991, 2910, 1446, 1275, 1161, 812], 'CH4_g': [12, 'nonlinear', 0], 'HCOOH_g': [1, 'nonlinear', 0], 'H_g': [2, 'linear', 0], 'CH3CHCHCH3_g': [2, 'nonlinear', 0], 'CH2O_g': [2, 'nonlinear', 0], 'CH3CH2CHCH2_g': [1, 'nonlinear', 0], 'CH3CH3CCH2_g': [2, 'nonlinear', 0], 'CH2CH2_g': [4, 'nonlinear', 0], 'CH3CHCH2_g': [1, 'nonlinear', 0], 'CO2_g': [2, 'linear', 0]}

input_file = 'ORR_input.txt'

interaction_fitting_mode = None

interaction_surface_names = None

internally_constrain_coverages = True

max_bisections = 5

max_initial_guesses = 3

max_rootfinding_iterations = 1000

max_self_interaction = 'Pd'

model_name = 'ORR'

numerical_representation = 'mpmath'

optimize_analytical_expressions = False

output_labels = {'selectivity': ('H2O2_g', 'H2O_g', 'H2_g', 'O2_g', 'pe_g'), 'rate': ([['a', 'O2_g'], ['O2-_a'], ['O2_a']], [['O2_a', 'pe_g'], ['OO-pe_a'], ['OOH_a']], [['OOH_a', 'pe_g'], ['OOH-pe_a'], ['O_a', 'H2O_g']], [['O_a', 'pe_g'], ['O-pe_a'], ['OH_a']], [['OH_a', 'pe_g'], ['OH-pe_a'], ['a', 'H2O_g']], [['O2_a', 'b'], ['O-O_a', 'b'], ['O_a', 'O_b']], [['O_b', 'pe_g'], ['O-pe_b'], ['OH_b']], [['OH_b', 'pe_g'], ['OH-pe_b'], ['b', 'H2O_g']], [['OOH_a', 'b'], ['OH-O_a', 'b'], ['OH_a', 'O_b']], [['OOH_a', 'pe_g'], ['O-peOH_a'], ['H2O2_a']], [['H2O2_a', 'b'], ['OH-OH_a', 'b'], ['OH_a', 'OH_b']], [['H2O2_a'], ['HOOH-_a'], ['H2O2_g', 'a']], [['pe_g', 'a'], ['H_a']], [['H_a', 'H_a'], ['H2_g', 'a', 'a']]), 'production_rate': ('H2O2_g', 'H2O_g', 'H2_g', 'O2_g', 'pe_g'), 'coverage': ('H2O2_a', 'H_a', 'O2_a', 'OH_a', 'OOH_a', 'O_a', 'OH_b', 'O_b'), 'free_energy': ('H2O2_g', 'H2O_g', 'H2_g', 'O2_g', 'pe_g', 'H2O2_a', 'H_a', 'O2_a', 'OH_a', 'OOH_a', 'O_a', 'OH_b', 'O_b', 'HOOH-_a', 'O-O_a', 'O-peOH_a', 'O-pe_a', 'O2-_a', 'OH-OH_a', 'OH-O_a', 'OH-pe_a', 'OO-pe_a', 'OOH-pe_a', 'O-pe_b', 'OH-pe_b')}

output_variables = ['coverage', 'rate', 'production_rate', 'free_energy', 'selectivity']

parameter_dict = {'O2_a': [4.81, 4.87, 4.93, 4.99, 5.05, 5.11, 5.17, 5.23, 5.29, 5.35], 'O-pe_b': [2.06, 2.16, 2.26, 2.36, 2.46, 2.56, 2.66, 2.76, 2.86, 2.96], 'O-pe_a': [1.53, 1.58, 1.63, 1.73, 1.83, 1.93, 2.03, 2.13, 2.23, 2.33], 'O2-_a': [5.66, 5.66, 5.66, 5.66, 5.66, 5.66, 5.66, 5.7, 5.76, 5.82], 'OOH-pe_a': [3.79, 3.84, 3.89, 3.94, 3.99, 4.04, 4.09, 4.14, 4.19, 4.24], 'OH-O_a': [4.013, 4.102, 4.191, 4.28, 4.369, 4.458, 4.547, 4.636, 4.725, 4.814], 'O-peOH_a': [4.2594, 4.2596, 4.2598, 4.26, 4.2602, 4.2604, 4.2606, 4.2608, 4.261, 4.2612], 'OH-pe_b': [0.98, 1.03, 1.08, 1.13, 1.18, 1.23, 1.28, 1.33, 1.38, 1.43], 'HOOH-_a': [3.944, 3.944, 3.944, 3.944, 3.944, 3.944, 3.944, 3.944, 3.944, 3.944], 'OO-pe_a': [4.84, 4.9, 4.96, 5.02, 5.08, 5.14, 5.2, 5.26, 5.32, 5.38], 'O-O_a': [5.0002, 5.1568, 5.3134, 5.47, 5.6266, 5.7832, 5.9398, 6.0964, 6.253, 6.4096], 'H2O2_a': [3.3294, 3.3296, 3.3298, 3.33, 3.3302, 3.3304, 3.3306, 3.3308, 3.331, 3.3312], 'OH-OH_a': [3.732514, 3.751676, 3.770838, 3.79, 3.809162, 3.828324, 3.847486, 3.866648, 3.88581, 3.904972], 'OH_a': [0.6, 0.65, 0.7, 0.75, 0.8, 0.85, 0.9, 0.95, 1.0, 1.05], 'OH_b': [0.95, 1.0, 1.05, 1.1, 1.15, 1.2, 1.25, 1.3, 1.35, 1.4], 'H_a': [-0.30015, -0.3001, -0.30005, -0.3, -0.29995, -0.2999, -0.29985, -0.2998, -0.29975, -0.2997], 'OH-pe_a': [0.93, 0.93, 0.93, 0.93, 0.93, 0.93, 0.93, 0.98, 1.03, 1.08], 'O_a': [1.4, 1.5, 1.6, 1.7, 1.8, 1.9, 2.0, 2.1, 2.2, 2.3], 'O_b': [2.03, 2.13, 2.23, 2.33, 2.43, 2.53, 2.63, 2.73, 2.83, 2.93], 'OOH_a': [3.76, 3.81, 3.86, 3.91, 3.96, 4.01, 4.06, 4.11, 4.16, 4.21]}

parameter_mode = 'formation_energy'

parameter_names = ('H2O2_a', 'H_a', 'O2_a', 'OH_a', 'OOH_a', 'O_a', 'OH_b', 'O_b', 'HOOH-_a', 'O-O_a', 'O-peOH_a', 'O-pe_a', 'O2-_a', 'OH-OH_a', 'OH-O_a', 'OH-pe_a', 'OO-pe_a', 'OOH-pe_a', 'O-pe_b', 'OH-pe_b')

parse_headers = ['formation_energy', 'frequencies']

perturbation_size = 1e-14

pressure_mode = 'static'

products = ['H2O2_g', 'H2O_g', 'H2_g']

reactants = ['O2_g', 'pe_g']

required_headers = ['species_name', 'surface_name', 'site_name', 'formation_energy', 'frequencies', 'reference']

residual_threshold = 0.9

resolution = [20, 5]

rxn_expressions = ['*_a + O2_g -> O2-_a -> O2_a', 'O2_a + pe_g -> OO-pe_a -> OOH_a', 'OOH_a + pe_g -> OOH-pe_a -> O_a + H2O_g', 'O_a + pe_g -> O-pe_a -> OH_a', 'OH_a + pe_g -> OH-pe_a -> *_a + H2O_g', 'O2_a + *_b -> O-O_a + *_b -> O_a + O_b', 'O_b + pe_g -> O-pe_b -> OH_b', 'OH_b + pe_g -> OH-pe_b -> *_b + H2O_g', 'OOH_a + *_b -> OH-O_a + *_b -> OH_a + O_b', 'OOH_a + pe_g -> O-peOH_a -> H2O2_a', 'H2O2_a + *_b -> OH-OH_a + *_b -> OH_a + OH_b', 'H2O2_a -> HOOH-_a -> H2O2_g + *_a', 'pe_g + *_a -> H_a', 'H_a + H_a -> H2_g + 2*_a']

scaling_constraint_dict = {'O2_a': [None, 0.0, None], 'O-pe_b': 'BEP', 'O-pe_a': 'BEP', 'O2-_a': 'BEP', 'OOH-pe_a': 'BEP', 'OH-O_a': 'BEP', 'O-peOH_a': 'BEP', 'OH-pe_b': 'BEP', 'HOOH-_a': 'BEP', 'OO-pe_a': 'BEP', 'O-O_a': 'BEP', 'H2O2_a': [None, 0.0, None], 'O_a': [None, 0.0, None], 'OH_a': [None, 0.0, None], 'OH_b': [None, 0.0, None], 'O_b': [None, 0.0, None], 'OH-pe_a': 'BEP', 'OH-OH_a': 'BEP', 'OOH_a': [None, 0.0, None]}

search_directions = [[0, 0], [0, 1], [1, 0], [0, -1], [-1, 0], [-1, 1], [1, 1], [1, -1], [-1, -1]]

setup_file = 'ORR.mkm'

shomate_params = {'HNO3_g:298-1200': [19.63229, 153.9599, -115.8378, 32.87955, -0.249114, -146.8818, 247.7049, -134.306], 'CH4_g:298-1300': [-0.703029, 108.4773, -42.52157, 5.862788, 0.678565, -76.84376, 158.7163, -74.8731], 'CH2CH2_g:298-1200': [-6.38788, 184.4019, -112.9718, 28.49593, 0.31554, 48.17332, 163.1568, 52.46694], 'HCN_g:298-1200': [32.69373, 22.59205, -4.369142, -0.407697, -0.282399, 123.4811, 233.2597, 135.1432], 'N2_g:100-500': [28.98641, 1.853978, -9.647459, 16.63537, 0.000117, -8.671914, 226.4168, 0.0], 'O2_g:2000-6000': [20.91111, 10.72071, -2.020498, 0.146449, 9.245722, 5.337651, 237.6185, 0.0], 'CO2_g:1200-6000': [58.16639, 2.720075, -0.492289, 0.038844, -6.447293, -425.9186, 263.6125, -393.5224], 'H2_g:1000-2500': [18.563083, 12.257357, -2.859786, 0.268238, 1.97799, -1.147438, 156.288133, 0], 'HNO2_g:298-1200': [24.89974, 91.37563, -64.84614, 17.92007, -0.134737, -88.13596, 254.2671, -76.73498], 'NO_g:298-1200': [23.83491, 12.58878, -1.139011, -1.497459, 0.214194, 83.35783, 237.1219, 90.29114], 'NH3_g:298-1400': [19.99563, 49.77119, -15.37599, 1.921168, 0.189174, -53.30667, 203.8591, -45.89806], 'N2_g:500-2000': [19.50583, 19.88705, -8.598535, 1.369784, 0.527601, -4.935202, 212.39, 0.0], 'O2_g:100-700': [31.32234, -20.23531, 57.8664, -36.50624, -0.007374, -8.903471, 246.7945, 0.0], 'CO_g:1300-1600': [35.1507, 1.300095, -0.205921, 0.01355, -3.28278, -127.8375, 231.712, -110.5271], 'CH2O_g:298-1500': [5.193767, 93.23249, -44.85457, 7.882279, 0.551175, -119.3591, 202.4663, -115.8972], 'CH4_g:1300-1600': [85.81217, 11.26467, -2.114146, 0.13819, -26.42221, -153.5327, 224.4143, -74.8731], 'H2O_g:1700-6000': [41.96426, 8.622053, -1.49978, 0.098119, -11.15764, -272.1797, 219.7809, -241.8264], 'CH3CH2OH_g:273-1300': [6.372731, 273.0132, -163.0101, 38.77719, 0.334329, -7.25, 201, 0], 'H2_g:2500-6000': [43.41356, -4.293079, 1.272428, -0.096876, -20.533862, -38.515158, 162.081354, 0], 'H2_g:298-1000': [33.066178, -11.363417, 11.432816, -2.772874, -0.158558, -9.980797, 172.707974, 0], 'NO3_g:298-1200': [11.22316, 166.3889, -148.4458, 47.40598, -0.176791, 61.00858, 221.7679, 71.128], 'CO_g:298-1300': [25.56759, 6.09613, 4.054656, -2.671201, 0.131021, -118.0089, 227.3665, -110.5271], 'O2_g:700-2000': [30.03235, 8.772972, -3.988133, 0.788313, -0.741599, -11.32468, 236.1663, 0.0], 'H2O_g:500-1700': [30.092, 6.832514, 6.793435, -2.53448, 0.082139, -250.881, 223.3967, -241.8264], 'N2O_g:298-1400': [27.67988, 51.14898, -30.64454, 6.847911, -0.157906, 71.24934, 238.6164, 82.04824], 'HCOOH_g:298-1500': [3.802752304225226, 153.66217894746168, -84.64046773816926, 16.297377707561505, 0.2772064997263338, -6.16527, 212.9698972559699, 0], 'NO2_g:298-1200': [16.10857, 75.89525, -54.3874, 14.30777, 0.239423, 26.17464, 240.5386, 33.09502], 'CO2_g:298-1200': [24.99735, 55.18696, -33.69137, 7.948387, -0.136638, -403.6075, 228.2431, -393.5224], 'H2O_g:100-500': [36.303952, -24.11232, 63.64111, -38.9524, -0.01385, -10.23966, 237.39431, 0.0], 'CH3OH_g:298-1500': [-0.5448050620926607, 151.88669435629552, -78.31823594271188, 16.106518370880025, 0.4938089793474474, -5.008, 200.05003685507603, 0]}

site_names = ('a', 'b', 'g')

standard_coverage = 'min'

surface_names = ('a', 'b', 'c', 'Pt', 'e', 'f', 'g', 'h', 'i', 'j')

temperature = 300

thermodynamic_corrections = ['gas', 'adsorbate', 'electrochemical']

thermodynamic_variables = ['temperature', 'gas_pressures', 'voltage', 'beta', 'gas_thermo_mode', 'adsorbate_thermo_mode', 'electrochemical_thermo_mode']

tolerance = 1e-50

transition_state_coefficient_matrix = array([[ -6.07089650e-17,   0.00000000e+00,   3.94400000e+00],
       [  3.13205593e+00,   0.00000000e+00,   3.12095526e+00],
       [  4.00000000e-03,   0.00000000e+00,   4.25700000e+00],
       [  1.84857727e+00,   0.00000000e+00,   3.69926061e-01],
       [  2.83657636e-01,   0.00000000e+00,   5.45598345e+00],
       [  3.83240000e-01,   0.00000000e+00,   3.50257000e+00],
       [  1.78000000e+00,   0.00000000e+00,   2.94500000e+00],
       [  2.78787879e-01,   0.00000000e+00,   7.30000000e-01],
       [  1.20000000e+00,   0.00000000e+00,   4.12000000e+00],
       [  9.99960000e-01,   0.00000000e+00,   3.19003000e+00],
       [  2.00000000e+00,   0.00000000e+00,   8.60000000e-01],
       [  1.00009000e+00,   0.00000000e+00,   3.79930000e-01]])

transition_state_cross_interaction_mode = 'transition_state_scaling'

transition_state_names = ('HOOH-_a', 'O-O_a', 'O-peOH_a', 'O-pe_a', 'O2-_a', 'OH-OH_a', 'OH-O_a', 'OH-pe_a', 'OO-pe_a', 'OOH-pe_a', 'O-pe_b', 'OH-pe_b')

transition_state_scaling_coefficients = [[1.4843267724273785e-14, 3.9440000000000501], [1.1185714285714228, 6.5438285714285671], [-0.0040160642570302042, 4.2576706827309252], [-1.8484848484848502, 0.00030303030302806974], [0.23636363636363431, 4.4892727272727377], [0.19200400801603162, 4.0741659318637273], [0.88999999999999813, 5.0186999999999964], [-0.27878787878787947, 0.72999999999999921], [-5.9999999999999991, -1.4599999999999986], [0.99999999999999734, 6.149999999999995], [-1.9999999999999996, -0.099999999999999187], [-1.0000000000000002, 0.03000000000000037]]

transition_state_scaling_matrix = array([[ -1.48432677e-14,   0.00000000e+00,   0.00000000e+00,
          0.00000000e+00,   0.00000000e+00,   0.00000000e+00,
          0.00000000e+00,   0.00000000e+00,   3.94400000e+00],
       [  0.00000000e+00,   0.00000000e+00,  -1.11857143e+00,
          0.00000000e+00,   0.00000000e+00,   1.11857143e+00,
          0.00000000e+00,   1.11857143e+00,   6.54382857e+00],
       [ -4.01606426e-03,  -0.00000000e+00,  -0.00000000e+00,
         -0.00000000e+00,   4.01606426e-03,  -0.00000000e+00,
         -0.00000000e+00,  -0.00000000e+00,   4.25767068e+00],
       [ -0.00000000e+00,  -0.00000000e+00,  -0.00000000e+00,
         -1.84848485e+00,  -0.00000000e+00,   1.84848485e+00,
         -0.00000000e+00,  -0.00000000e+00,   3.03030303e-04],
       [  0.00000000e+00,   0.00000000e+00,   2.36363636e-01,
          0.00000000e+00,   0.00000000e+00,   0.00000000e+00,
          0.00000000e+00,   0.00000000e+00,   4.48927273e+00],
       [ -1.92004008e-01,   0.00000000e+00,   0.00000000e+00,
          1.92004008e-01,   0.00000000e+00,   0.00000000e+00,
          1.92004008e-01,   0.00000000e+00,   4.07416593e+00],
       [  0.00000000e+00,   0.00000000e+00,   0.00000000e+00,
          8.90000000e-01,  -8.90000000e-01,   0.00000000e+00,
          0.00000000e+00,   8.90000000e-01,   5.01870000e+00],
       [ -0.00000000e+00,  -0.00000000e+00,  -0.00000000e+00,
          2.78787879e-01,  -0.00000000e+00,  -0.00000000e+00,
         -0.00000000e+00,  -0.00000000e+00,   7.30000000e-01],
       [ -0.00000000e+00,  -0.00000000e+00,   6.00000000e+00,
         -0.00000000e+00,  -6.00000000e+00,  -0.00000000e+00,
         -0.00000000e+00,  -0.00000000e+00,  -1.46000000e+00],
       [  0.00000000e+00,   0.00000000e+00,   0.00000000e+00,
          0.00000000e+00,  -1.00000000e+00,   1.00000000e+00,
          0.00000000e+00,   0.00000000e+00,   6.15000000e+00],
       [ -0.00000000e+00,  -0.00000000e+00,  -0.00000000e+00,
         -0.00000000e+00,  -0.00000000e+00,  -0.00000000e+00,
         -2.00000000e+00,   2.00000000e+00,  -1.00000000e-01],
       [ -0.00000000e+00,  -0.00000000e+00,  -0.00000000e+00,
         -0.00000000e+00,  -0.00000000e+00,  -0.00000000e+00,
          1.00000000e+00,  -0.00000000e+00,   3.00000000e-02]])

transition_state_scaling_mode = 'initial_state'

transition_state_scaling_parameters = {}

verbose = 1

voltage = 0.9

stdout = """initial_evaluation: success - initial guess at point [ 1.20, 0.50]
initial_evaluation: success - initial guess at point [ 1.20, 0.25]
initial_evaluation: success - initial guess at point [ 1.20, 0.00]
initial_evaluation: success - initial guess at point [ 1.20,-0.25]
initial_evaluation: success - initial guess at point [ 1.20,-0.50]
initial_evaluation: success - initial guess at point [ 1.16, 0.50]
initial_evaluation: success - initial guess at point [ 1.16, 0.25]
initial_evaluation: success - initial guess at point [ 1.16, 0.00]
initial_evaluation: success - initial guess at point [ 1.16,-0.25]
initial_evaluation: success - initial guess at point [ 1.16,-0.50]
initial_evaluation: success - initial guess at point [ 1.13, 0.50]
initial_evaluation: success - initial guess at point [ 1.13, 0.25]
initial_evaluation: success - initial guess at point [ 1.13, 0.00]
initial_evaluation: success - initial guess at point [ 1.13,-0.25]
initial_evaluation: success - initial guess at point [ 1.13,-0.50]
initial_evaluation: success - initial guess at point [ 1.09, 0.50]
initial_evaluation: success - initial guess at point [ 1.09, 0.25]
initial_evaluation: success - initial guess at point [ 1.09, 0.00]
initial_evaluation: success - initial guess at point [ 1.09,-0.25]
initial_evaluation: success - initial guess at point [ 1.09,-0.50]
initial_evaluation: success - initial guess at point [ 1.05, 0.50]
initial_evaluation: success - initial guess at point [ 1.05, 0.25]
initial_evaluation: success - initial guess at point [ 1.05, 0.00]
initial_evaluation: success - initial guess at point [ 1.05,-0.25]
initial_evaluation: success - initial guess at point [ 1.05,-0.50]
initial_evaluation: success - initial guess at point [ 1.02, 0.50]
initial_evaluation: success - initial guess at point [ 1.02, 0.25]
initial_evaluation: success - initial guess at point [ 1.02, 0.00]
initial_evaluation: success - initial guess at point [ 1.02,-0.25]
initial_evaluation: success - initial guess at point [ 1.02,-0.50]
initial_evaluation: success - initial guess at point [ 0.98, 0.50]
initial_evaluation: success - initial guess at point [ 0.98, 0.25]
initial_evaluation: success - initial guess at point [ 0.98, 0.00]
initial_evaluation: success - initial guess at point [ 0.98,-0.25]
initial_evaluation: success - initial guess at point [ 0.98,-0.50]
initial_evaluation: success - initial guess at point [ 0.94, 0.50]
initial_evaluation: success - initial guess at point [ 0.94, 0.25]
initial_evaluation: success - initial guess at point [ 0.94, 0.00]
initial_evaluation: success - initial guess at point [ 0.94,-0.25]
initial_evaluation: success - initial guess at point [ 0.94,-0.50]
initial_evaluation: success - initial guess at point [ 0.91, 0.50]
initial_evaluation: success - initial guess at point [ 0.91, 0.25]
initial_evaluation: success - initial guess at point [ 0.91, 0.00]
initial_evaluation: success - initial guess at point [ 0.91,-0.25]
initial_evaluation: success - initial guess at point [ 0.91,-0.50]
initial_evaluation: success - initial guess at point [ 0.87, 0.50]
initial_evaluation: success - initial guess at point [ 0.87, 0.25]
initial_evaluation: success - initial guess at point [ 0.87, 0.00]
initial_evaluation: success - initial guess at point [ 0.87,-0.25]
initial_evaluation: success - initial guess at point [ 0.87,-0.50]
initial_evaluation: success - initial guess at point [ 0.83, 0.50]
initial_evaluation: success - initial guess at point [ 0.83, 0.25]
initial_evaluation: success - initial guess at point [ 0.83, 0.00]
initial_evaluation: success - initial guess at point [ 0.83,-0.25]
initial_evaluation: success - initial guess at point [ 0.83,-0.50]
initial_evaluation: success - initial guess at point [ 0.79, 0.50]
initial_evaluation: success - initial guess at point [ 0.79, 0.25]
initial_evaluation: success - initial guess at point [ 0.79, 0.00]
initial_evaluation: success - initial guess at point [ 0.79,-0.25]
initial_evaluation: success - initial guess at point [ 0.79,-0.50]
initial_evaluation: success - initial guess at point [ 0.76, 0.50]
initial_evaluation: success - initial guess at point [ 0.76, 0.25]
initial_evaluation: success - initial guess at point [ 0.76, 0.00]
initial_evaluation: success - initial guess at point [ 0.76,-0.25]
initial_evaluation: success - initial guess at point [ 0.76,-0.50]
initial_evaluation: success - initial guess at point [ 0.72, 0.50]
initial_evaluation: success - initial guess at point [ 0.72, 0.25]
initial_evaluation: success - initial guess at point [ 0.72, 0.00]
initial_evaluation: success - initial guess at point [ 0.72,-0.25]
initial_evaluation: success - initial guess at point [ 0.72,-0.50]
initial_evaluation: success - initial guess at point [ 0.68, 0.50]
initial_evaluation: success - initial guess at point [ 0.68, 0.25]
initial_evaluation: success - initial guess at point [ 0.68, 0.00]
initial_evaluation: success - initial guess at point [ 0.68,-0.25]
initial_evaluation: success - initial guess at point [ 0.68,-0.50]
initial_evaluation: success - initial guess at point [ 0.65, 0.50]
initial_evaluation: success - initial guess at point [ 0.65, 0.25]
initial_evaluation: success - initial guess at point [ 0.65, 0.00]
initial_evaluation: success - initial guess at point [ 0.65,-0.25]
initial_evaluation: success - initial guess at point [ 0.65,-0.50]
initial_evaluation: success - initial guess at point [ 0.61, 0.50]
initial_evaluation: success - initial guess at point [ 0.61, 0.25]
initial_evaluation: success - initial guess at point [ 0.61, 0.00]
initial_evaluation: success - initial guess at point [ 0.61,-0.25]
initial_evaluation: success - initial guess at point [ 0.61,-0.50]
initial_evaluation: success - initial guess at point [ 0.57, 0.50]
initial_evaluation: success - initial guess at point [ 0.57, 0.25]
initial_evaluation: success - initial guess at point [ 0.57, 0.00]
initial_evaluation: success - initial guess at point [ 0.57,-0.25]
initial_evaluation: success - initial guess at point [ 0.57,-0.50]
initial_evaluation: success - initial guess at point [ 0.54, 0.50]
initial_evaluation: success - initial guess at point [ 0.54, 0.25]
initial_evaluation: success - initial guess at point [ 0.54, 0.00]
initial_evaluation: success - initial guess at point [ 0.54,-0.25]
initial_evaluation: success - initial guess at point [ 0.54,-0.50]
initial_evaluation: success - initial guess at point [ 0.50, 0.50]
initial_evaluation: success - initial guess at point [ 0.50, 0.25]
initial_evaluation: success - initial guess at point [ 0.50, 0.00]
initial_evaluation: success - initial guess at point [ 0.50,-0.25]
initial_evaluation: success - initial guess at point [ 0.50,-0.50]
mapper_iteration_0: status - 0 points do not have valid solution."""